[2016-05-17 19:03:33] php.DEBUG: Constant MYSQL_HOSTNAME already defined {"type":8,"file":"C:\\Program Files (x86)\\Ampps\\www\\netbeanspedagofss\\web\\includes\\files\\config.php","line":7,"level":28928} []
[2016-05-17 19:03:33] php.DEBUG: Constant MYSQL_USERNAME already defined {"type":8,"file":"C:\\Program Files (x86)\\Ampps\\www\\netbeanspedagofss\\web\\includes\\files\\config.php","line":8,"level":28928} []
[2016-05-17 19:03:33] php.DEBUG: Constant MYSQL_PASSWORD already defined {"type":8,"file":"C:\\Program Files (x86)\\Ampps\\www\\netbeanspedagofss\\web\\includes\\files\\config.php","line":9,"level":28928} []
[2016-05-17 19:03:33] php.DEBUG: Constant MYSQL_DATABASE already defined {"type":8,"file":"C:\\Program Files (x86)\\Ampps\\www\\netbeanspedagofss\\web\\includes\\files\\config.php","line":10,"level":28928} []
[2016-05-17 19:03:33] php.DEBUG: Constant SUCCESS_LOGIN_GOTO already defined {"type":8,"file":"C:\\Program Files (x86)\\Ampps\\www\\netbeanspedagofss\\web\\includes\\files\\config.php","line":23,"level":28928} []
[2016-05-17 19:03:33] php.DEBUG: Constant USERS_TABLE_NAME already defined {"type":8,"file":"C:\\Program Files (x86)\\Ampps\\www\\netbeanspedagofss\\web\\includes\\files\\config.php","line":26,"level":28928} []
[2016-05-17 19:03:33] php.DEBUG: Constant AJAX_TIMEOUT already defined {"type":8,"file":"C:\\Program Files (x86)\\Ampps\\www\\netbeanspedagofss\\web\\includes\\files\\config.php","line":31,"level":28928} []
[2016-05-17 19:03:33] php.DEBUG: Constant AJAX_TARGET_ELEMENT already defined {"type":8,"file":"C:\\Program Files (x86)\\Ampps\\www\\netbeanspedagofss\\web\\includes\\files\\config.php","line":32,"level":28928} []
[2016-05-17 19:03:33] php.DEBUG: Constant AJAX_WAIT_TEXT already defined {"type":8,"file":"C:\\Program Files (x86)\\Ampps\\www\\netbeanspedagofss\\web\\includes\\files\\config.php","line":33,"level":28928} []
[2016-05-17 19:03:33] php.DEBUG: Constant AJAX_FORM_ELEMENT already defined {"type":8,"file":"C:\\Program Files (x86)\\Ampps\\www\\netbeanspedagofss\\web\\includes\\files\\config.php","line":34,"level":28928} []
[2016-05-17 19:03:33] php.DEBUG: Constant AJAX_WAIT_ELEMENT already defined {"type":8,"file":"C:\\Program Files (x86)\\Ampps\\www\\netbeanspedagofss\\web\\includes\\files\\config.php","line":35,"level":28928} []
[2016-05-17 19:03:33] php.DEBUG: Constant AJAX_NOTIFY_ELEMENT already defined {"type":8,"file":"C:\\Program Files (x86)\\Ampps\\www\\netbeanspedagofss\\web\\includes\\files\\config.php","line":36,"level":28928} []
[2016-05-17 19:03:33] php.DEBUG: Constant eleve already defined {"type":8,"file":"C:\\Program Files (x86)\\Ampps\\www\\netbeanspedagofss\\web\\includes\\files\\config.php","line":40,"level":28928} []
[2016-05-17 19:03:33] php.DEBUG: Constant prof already defined {"type":8,"file":"C:\\Program Files (x86)\\Ampps\\www\\netbeanspedagofss\\web\\includes\\files\\config.php","line":41,"level":28928} []
[2016-05-17 19:03:33] php.DEBUG: Constant admin already defined {"type":8,"file":"C:\\Program Files (x86)\\Ampps\\www\\netbeanspedagofss\\web\\includes\\files\\config.php","line":42,"level":28928} []
[2016-05-17 19:03:33] php.DEBUG: Constant banni already defined {"type":8,"file":"C:\\Program Files (x86)\\Ampps\\www\\netbeanspedagofss\\web\\includes\\files\\config.php","line":43,"level":28928} []
[2016-05-17 19:03:33] php.DEBUG: Constant ERR_IS_CO already defined {"type":8,"file":"C:\\Program Files (x86)\\Ampps\\www\\netbeanspedagofss\\web\\includes\\files\\config.php","line":45,"level":28928} []
[2016-05-17 19:03:33] php.DEBUG: Constant ERR_IS_NOT_CO already defined {"type":8,"file":"C:\\Program Files (x86)\\Ampps\\www\\netbeanspedagofss\\web\\includes\\files\\config.php","line":47,"level":28928} []
[2016-05-17 19:03:33] php.DEBUG: Constant ERR_AUTH_VIEW already defined {"type":8,"file":"C:\\Program Files (x86)\\Ampps\\www\\netbeanspedagofss\\web\\includes\\files\\config.php","line":49,"level":28928} []
[2016-05-17 19:03:33] php.DEBUG: Constant MYSQL_HOSTNAME already defined {"type":8,"file":"C:\\Program Files (x86)\\Ampps\\www\\netbeanspedagofss\\web\\includes\\files\\config.php","line":7,"level":28928} []
[2016-05-17 19:03:33] php.DEBUG: Constant MYSQL_USERNAME already defined {"type":8,"file":"C:\\Program Files (x86)\\Ampps\\www\\netbeanspedagofss\\web\\includes\\files\\config.php","line":8,"level":28928} []
[2016-05-17 19:03:33] php.DEBUG: Constant MYSQL_PASSWORD already defined {"type":8,"file":"C:\\Program Files (x86)\\Ampps\\www\\netbeanspedagofss\\web\\includes\\files\\config.php","line":9,"level":28928} []
[2016-05-17 19:03:33] php.DEBUG: Constant MYSQL_DATABASE already defined {"type":8,"file":"C:\\Program Files (x86)\\Ampps\\www\\netbeanspedagofss\\web\\includes\\files\\config.php","line":10,"level":28928} []
[2016-05-17 19:03:33] php.DEBUG: Constant SUCCESS_LOGIN_GOTO already defined {"type":8,"file":"C:\\Program Files (x86)\\Ampps\\www\\netbeanspedagofss\\web\\includes\\files\\config.php","line":23,"level":28928} []
[2016-05-17 19:03:33] php.DEBUG: Constant USERS_TABLE_NAME already defined {"type":8,"file":"C:\\Program Files (x86)\\Ampps\\www\\netbeanspedagofss\\web\\includes\\files\\config.php","line":26,"level":28928} []
[2016-05-17 19:03:33] php.DEBUG: Constant AJAX_TIMEOUT already defined {"type":8,"file":"C:\\Program Files (x86)\\Ampps\\www\\netbeanspedagofss\\web\\includes\\files\\config.php","line":31,"level":28928} []
[2016-05-17 19:03:33] php.DEBUG: Constant AJAX_TARGET_ELEMENT already defined {"type":8,"file":"C:\\Program Files (x86)\\Ampps\\www\\netbeanspedagofss\\web\\includes\\files\\config.php","line":32,"level":28928} []
[2016-05-17 19:03:33] php.DEBUG: Constant AJAX_WAIT_TEXT already defined {"type":8,"file":"C:\\Program Files (x86)\\Ampps\\www\\netbeanspedagofss\\web\\includes\\files\\config.php","line":33,"level":28928} []
[2016-05-17 19:03:33] php.DEBUG: Constant AJAX_FORM_ELEMENT already defined {"type":8,"file":"C:\\Program Files (x86)\\Ampps\\www\\netbeanspedagofss\\web\\includes\\files\\config.php","line":34,"level":28928} []
[2016-05-17 19:03:33] php.DEBUG: Constant AJAX_WAIT_ELEMENT already defined {"type":8,"file":"C:\\Program Files (x86)\\Ampps\\www\\netbeanspedagofss\\web\\includes\\files\\config.php","line":35,"level":28928} []
[2016-05-17 19:03:33] php.DEBUG: Constant AJAX_NOTIFY_ELEMENT already defined {"type":8,"file":"C:\\Program Files (x86)\\Ampps\\www\\netbeanspedagofss\\web\\includes\\files\\config.php","line":36,"level":28928} []
[2016-05-17 19:03:33] php.DEBUG: Constant eleve already defined {"type":8,"file":"C:\\Program Files (x86)\\Ampps\\www\\netbeanspedagofss\\web\\includes\\files\\config.php","line":40,"level":28928} []
[2016-05-17 19:03:33] php.DEBUG: Constant prof already defined {"type":8,"file":"C:\\Program Files (x86)\\Ampps\\www\\netbeanspedagofss\\web\\includes\\files\\config.php","line":41,"level":28928} []
[2016-05-17 19:03:33] php.DEBUG: Constant admin already defined {"type":8,"file":"C:\\Program Files (x86)\\Ampps\\www\\netbeanspedagofss\\web\\includes\\files\\config.php","line":42,"level":28928} []
[2016-05-17 19:03:33] php.DEBUG: Constant banni already defined {"type":8,"file":"C:\\Program Files (x86)\\Ampps\\www\\netbeanspedagofss\\web\\includes\\files\\config.php","line":43,"level":28928} []
[2016-05-17 19:03:33] php.DEBUG: Constant ERR_IS_CO already defined {"type":8,"file":"C:\\Program Files (x86)\\Ampps\\www\\netbeanspedagofss\\web\\includes\\files\\config.php","line":45,"level":28928} []
[2016-05-17 19:03:33] php.DEBUG: Constant ERR_IS_NOT_CO already defined {"type":8,"file":"C:\\Program Files (x86)\\Ampps\\www\\netbeanspedagofss\\web\\includes\\files\\config.php","line":47,"level":28928} []
[2016-05-17 19:03:33] php.DEBUG: Constant ERR_AUTH_VIEW already defined {"type":8,"file":"C:\\Program Files (x86)\\Ampps\\www\\netbeanspedagofss\\web\\includes\\files\\config.php","line":49,"level":28928} []
[2016-05-17 19:03:33] request.INFO: Matched route "pedagogie_pedagogie_homepage". {"route_parameters":{"_controller":"Pedagogie\\PedagogieBundle\\Controller\\DefaultController::indexAction","_route":"pedagogie_pedagogie_homepage"},"request_uri":"http://localhost/netbeanspedagofss/web/Pedagogie"} []
[2016-05-17 19:03:33] security.INFO: Populated the TokenStorage with an anonymous Token. [] []
[2016-05-17 19:03:33] event.DEBUG: Notified event "kernel.request" to listener "Symfony\Component\HttpKernel\EventListener\DebugHandlersListener::configure". [] []
[2016-05-17 19:03:33] event.DEBUG: Notified event "kernel.request" to listener "Symfony\Bundle\FrameworkBundle\EventListener\SessionListener::onKernelRequest". [] []
[2016-05-17 19:03:33] event.DEBUG: Notified event "kernel.request" to listener "Symfony\Component\HttpKernel\EventListener\FragmentListener::onKernelRequest". [] []
[2016-05-17 19:03:33] event.DEBUG: Notified event "kernel.request" to listener "Symfony\Component\HttpKernel\EventListener\RouterListener::onKernelRequest". [] []
[2016-05-17 19:03:33] event.DEBUG: Notified event "kernel.request" to listener "Symfony\Component\HttpKernel\EventListener\LocaleListener::onKernelRequest". [] []
[2016-05-17 19:03:33] event.DEBUG: Notified event "kernel.request" to listener "Symfony\Component\HttpKernel\EventListener\TranslatorListener::onKernelRequest". [] []
[2016-05-17 19:03:33] event.DEBUG: Notified event "kernel.request" to listener "Symfony\Component\Security\Http\Firewall::onKernelRequest". [] []
[2016-05-17 19:03:33] event.DEBUG: Notified event "kernel.controller" to listener "Sensio\Bundle\FrameworkExtraBundle\EventListener\ControllerListener::onKernelController". [] []
[2016-05-17 19:03:33] event.DEBUG: Notified event "kernel.controller" to listener "Sensio\Bundle\FrameworkExtraBundle\EventListener\ParamConverterListener::onKernelController". [] []
[2016-05-17 19:03:33] event.DEBUG: Notified event "kernel.controller" to listener "Sensio\Bundle\FrameworkExtraBundle\EventListener\HttpCacheListener::onKernelController". [] []
[2016-05-17 19:03:33] event.DEBUG: Notified event "kernel.controller" to listener "Sensio\Bundle\FrameworkExtraBundle\EventListener\SecurityListener::onKernelController". [] []
[2016-05-17 19:03:33] event.DEBUG: Notified event "kernel.controller" to listener "Sensio\Bundle\FrameworkExtraBundle\EventListener\TemplateListener::onKernelController". [] []
[2016-05-17 19:03:33] php.INFO: The Symfony\Bundle\FrameworkBundle\Controller\Controller::getRequest method is deprecated since version 2.4 and will be removed in 3.0. The only reliable way to get the "Request" object is to inject it in the action method. {"type":16384,"file":"C:\\Program Files (x86)\\Ampps\\www\\netbeanspedagofss\\vendor\\symfony\\symfony\\src\\Symfony\\Bundle\\FrameworkBundle\\Controller\\Controller.php","line":318,"level":28928,"stack":[{"function":"handleError","class":"Symfony\\Component\\Debug\\ErrorHandler","type":"->"},{"file":"C:\\Program Files (x86)\\Ampps\\www\\netbeanspedagofss\\vendor\\symfony\\symfony\\src\\Symfony\\Bundle\\FrameworkBundle\\Controller\\Controller.php","line":318,"function":"trigger_error"},{"file":"C:\\Program Files (x86)\\Ampps\\www\\netbeanspedagofss\\src\\Pedagogie\\PedagogieBundle\\Controller\\DefaultController.php","line":32,"function":"getRequest","class":"Symfony\\Bundle\\FrameworkBundle\\Controller\\Controller","type":"->"},{"function":"indexAction","class":"Pedagogie\\PedagogieBundle\\Controller\\DefaultController","type":"->"},{"file":"C:\\Program Files (x86)\\Ampps\\www\\netbeanspedagofss\\app\\bootstrap.php.cache","line":3206,"function":"call_user_func_array"},{"file":"C:\\Program Files (x86)\\Ampps\\www\\netbeanspedagofss\\app\\bootstrap.php.cache","line":3168,"function":"handleRaw","class":"Symfony\\Component\\HttpKernel\\HttpKernel","type":"->"},{"file":"C:\\Program Files (x86)\\Ampps\\www\\netbeanspedagofss\\app\\bootstrap.php.cache","line":3319,"function":"handle","class":"Symfony\\Component\\HttpKernel\\HttpKernel","type":"->"},{"file":"C:\\Program Files (x86)\\Ampps\\www\\netbeanspedagofss\\app\\bootstrap.php.cache","line":2509,"function":"handle","class":"Symfony\\Component\\HttpKernel\\DependencyInjection\\ContainerAwareHttpKernel","type":"->"},{"file":"C:\\Program Files (x86)\\Ampps\\www\\netbeanspedagofss\\web\\app.php","line":28,"function":"handle","class":"Symfony\\Component\\HttpKernel\\Kernel","type":"->"}]} []
[2016-05-17 19:03:35] doctrine.DEBUG: SELECT t0.id AS id1, t0.Filiere AS Filiere2, t0.nbEtudiant AS nbEtudiant3, t0.Description AS Description4, t0.departement_id AS departement_id5 FROM filiere t0 [] []
[2016-05-17 19:03:36] doctrine.DEBUG: SELECT t0.id AS id1, t0.Departement AS Departement2, t0.directeur_id AS directeur_id3 FROM departement t0 [] []
[2016-05-17 19:03:37] doctrine.DEBUG: SELECT t0.id AS id1, t0.Groupe AS Groupe2, t0.departement_id AS departement_id3, t0.filiere_id AS filiere_id4, t0.classe_id AS classe_id5 FROM groupe t0 [] []
[2016-05-17 19:03:37] doctrine.DEBUG: SELECT t0.id AS id1, t0.Discipline AS Discipline2 FROM discipline t0 [] []
[2016-05-17 19:03:38] doctrine.DEBUG: SELECT t0.id AS id1, t0.Matiere AS Matiere2, t0.CodeMatiere AS CodeMatiere3, t0.unite_id AS unite_id4, t0.discipline_id AS discipline_id5 FROM matiere t0 [] []
[2016-05-17 19:03:38] doctrine.DEBUG: SELECT t0.id AS id1, t0.Classe AS Classe2, t0.Annee AS Annee3, t0.departement_id AS departement_id4, t0.filiere_id AS filiere_id5 FROM classe t0 [] []
[2016-05-17 19:03:40] doctrine.DEBUG: SELECT t0.id AS id1, t0.heure_debut AS heure_debut2, t0.heure_fin AS heure_fin3, t0.date_maj AS date_maj4, t0.periode_id AS periode_id5, t0.semestre_id AS semestre_id6, t0.departements_id AS departements_id7, t0.filieres_id AS filieres_id8, t0.groupes_id AS groupes_id9, t0.classes_id AS classes_id10, t0.discipline_id AS discipline_id11, t0.matiere_id AS matiere_id12, t0.natures_id AS natures_id13, t0.enseignants_id AS enseignants_id14, t0.salles_id AS salles_id15, t0.jours_id AS jours_id16 FROM emploi t0 [] []
[2016-05-17 19:03:41] doctrine.DEBUG: SELECT t0.id AS id1, t0.etat AS etat2, t0.heure_debut AS heure_debut3, t0.heure_fin AS heure_fin4, t0.periode_id AS periode_id5, t0.semestre_id AS semestre_id6, t0.departements_id AS departements_id7, t0.filieres_id AS filieres_id8, t0.groupes_id AS groupes_id9, t0.classes_id AS classes_id10, t0.discipline_id AS discipline_id11, t0.matiere_id AS matiere_id12, t0.natures_id AS natures_id13, t0.enseignants_id AS enseignants_id14, t0.salles_id AS salles_id15, t0.jours_id AS jours_id16 FROM devoir t0 [] []
[2016-05-17 19:03:41] doctrine.DEBUG: SELECT t0.id AS id1, t0.etat AS etat2, t0.heure_debut AS heure_debut3, t0.heure_fin AS heure_fin4, t0.enseignant_id AS enseignant_id5, t0.periode_id AS periode_id6, t0.semestre_id AS semestre_id7, t0.departement_id AS departement_id8, t0.filiere_id AS filiere_id9, t0.groupe_id AS groupe_id10, t0.classe_id AS classe_id11, t0.discipline_id AS discipline_id12, t0.matiere_id AS matiere_id13, t0.nature_id AS nature_id14, t0.salle_id AS salle_id15, t0.jour_id AS jour_id16 FROM voeux t0 [] []
[2016-05-17 19:03:42] doctrine.DEBUG: SELECT t0.id AS id1, t0.Enseignant AS Enseignant2, t0.Telephone AS Telephone3, t0.Code AS Code4, t0.utilisateur_id AS utilisateur_id5, t0.departement_id AS departement_id6, t0.grade_id AS grade_id7, t0.situation_id AS situation_id8 FROM enseignant t0 [] []
[2016-05-17 19:03:42] doctrine.DEBUG: SELECT t0.id AS id1, t0.Situations AS Situations2 FROM situations t0 [] []
[2016-05-17 19:03:42] doctrine.DEBUG: SELECT t0.id AS id1, t0.Grades AS Grades2, t0.Code AS Code3, t0.C AS C4, t0.TD AS TD5, t0.TP AS TP6 FROM grades t0 [] []
[2016-05-17 19:03:43] doctrine.DEBUG: SELECT t0.id AS id1, t0.Capacite AS Capacite2, t0.Audio AS Audio3, t0.Retro AS Retro4, t0.Salle AS Salle5, t0.lieux_id AS lieux_id6 FROM salle t0 [] []
[2016-05-17 19:03:43] doctrine.DEBUG: SELECT t0.id AS id1, t0.Lieux AS Lieux2, t0.Code AS Code3 FROM lieux t0 [] []
[2016-05-17 19:03:43] doctrine.DEBUG: SELECT t0.id AS id1, t0.Nature AS Nature2, t0.C AS C3, t0.TD AS TD4, t0.TP AS TP5, t0.Description AS Description6 FROM nature t0 [] []
[2016-05-17 19:03:43] doctrine.DEBUG: SELECT t0.id AS id1, t0.periode AS periode2 FROM periode t0 [] []
[2016-05-17 19:03:43] doctrine.DEBUG: SELECT t0.id AS id1, t0.semestre AS semestre2, t0.code AS code3 FROM semestre t0 [] []
[2016-05-17 19:03:44] request.CRITICAL: Uncaught PHP Exception Twig_Error_Runtime: "Variable "allvoeux" does not exist in "PedagogiePedagogieBundle::normal/modif/modiflayout.html.twig" at line 111" at C:\Program Files (x86)\Ampps\www\netbeanspedagofss\vendor\twig\twig\lib\Twig\Template.php line 436 {"exception":"[object] (Twig_Error_Runtime(code: 0): Variable \"allvoeux\" does not exist in \"PedagogiePedagogieBundle::normal/modif/modiflayout.html.twig\" at line 111 at C:\\Program Files (x86)\\Ampps\\www\\netbeanspedagofss\\vendor\\twig\\twig\\lib\\Twig\\Template.php:436)"} []
[2016-05-17 19:03:44] event.DEBUG: Notified event "kernel.request" to listener "Symfony\Component\HttpKernel\EventListener\DebugHandlersListener::configure". [] []
[2016-05-17 19:03:44] event.DEBUG: Notified event "kernel.request" to listener "Symfony\Bundle\FrameworkBundle\EventListener\SessionListener::onKernelRequest". [] []
[2016-05-17 19:03:44] event.DEBUG: Notified event "kernel.request" to listener "Symfony\Component\HttpKernel\EventListener\FragmentListener::onKernelRequest". [] []
[2016-05-17 19:03:44] event.DEBUG: Notified event "kernel.request" to listener "Symfony\Component\HttpKernel\EventListener\RouterListener::onKernelRequest". [] []
[2016-05-17 19:03:44] event.DEBUG: Notified event "kernel.request" to listener "Symfony\Component\HttpKernel\EventListener\LocaleListener::onKernelRequest". [] []
[2016-05-17 19:03:44] event.DEBUG: Notified event "kernel.request" to listener "Symfony\Component\HttpKernel\EventListener\TranslatorListener::onKernelRequest". [] []
[2016-05-17 19:03:44] event.DEBUG: Notified event "kernel.request" to listener "Symfony\Component\Security\Http\Firewall::onKernelRequest". [] []
[2016-05-17 19:03:45] event.DEBUG: Notified event "kernel.controller" to listener "Sensio\Bundle\FrameworkExtraBundle\EventListener\ControllerListener::onKernelController". [] []
[2016-05-17 19:03:45] event.DEBUG: Notified event "kernel.controller" to listener "Sensio\Bundle\FrameworkExtraBundle\EventListener\ParamConverterListener::onKernelController". [] []
[2016-05-17 19:03:45] event.DEBUG: Notified event "kernel.controller" to listener "Sensio\Bundle\FrameworkExtraBundle\EventListener\HttpCacheListener::onKernelController". [] []
[2016-05-17 19:03:45] event.DEBUG: Notified event "kernel.controller" to listener "Sensio\Bundle\FrameworkExtraBundle\EventListener\SecurityListener::onKernelController". [] []
[2016-05-17 19:03:45] event.DEBUG: Notified event "kernel.controller" to listener "Sensio\Bundle\FrameworkExtraBundle\EventListener\TemplateListener::onKernelController". [] []
[2016-05-17 19:03:45] event.DEBUG: Notified event "kernel.response" to listener "Symfony\Component\Security\Http\Firewall\ContextListener::onKernelResponse". [] []
[2016-05-17 19:03:45] event.DEBUG: Notified event "kernel.response" to listener "Symfony\Component\HttpKernel\EventListener\ResponseListener::onKernelResponse". [] []
[2016-05-17 19:03:45] event.DEBUG: Notified event "kernel.response" to listener "Symfony\Component\Security\Http\RememberMe\ResponseListener::onKernelResponse". [] []
[2016-05-17 19:03:45] event.DEBUG: Notified event "kernel.response" to listener "Sensio\Bundle\FrameworkExtraBundle\EventListener\HttpCacheListener::onKernelResponse". [] []
[2016-05-17 19:03:45] event.DEBUG: Notified event "kernel.response" to listener "Symfony\Component\HttpKernel\EventListener\SaveSessionListener::onKernelResponse". [] []
[2016-05-17 19:03:45] event.DEBUG: Notified event "kernel.response" to listener "Symfony\Component\HttpKernel\EventListener\StreamedResponseListener::onKernelResponse". [] []
[2016-05-17 19:03:45] event.DEBUG: Notified event "kernel.finish_request" to listener "Symfony\Component\HttpKernel\EventListener\LocaleListener::onKernelFinishRequest". [] []
[2016-05-17 19:03:45] event.DEBUG: Notified event "kernel.finish_request" to listener "Symfony\Component\HttpKernel\EventListener\TranslatorListener::onKernelFinishRequest". [] []
[2016-05-17 19:03:45] event.DEBUG: Notified event "kernel.finish_request" to listener "Symfony\Component\HttpKernel\EventListener\RouterListener::onKernelFinishRequest". [] []
[2016-05-17 19:03:45] event.DEBUG: Notified event "kernel.finish_request" to listener "Symfony\Component\Security\Http\Firewall::onKernelFinishRequest". [] []
[2016-05-17 19:03:45] event.DEBUG: Notified event "kernel.exception" to listener "Symfony\Component\Security\Http\Firewall\ExceptionListener::onKernelException". [] []
[2016-05-17 19:03:45] event.DEBUG: Notified event "kernel.exception" to listener "Symfony\Component\HttpKernel\EventListener\ExceptionListener::onKernelException". [] []
[2016-05-17 19:03:45] event.DEBUG: Listener "Symfony\Component\HttpKernel\EventListener\ExceptionListener::onKernelException" stopped propagation of the event "kernel.exception". [] []
[2016-05-17 19:03:46] event.DEBUG: Notified event "kernel.response" to listener "Symfony\Component\HttpKernel\EventListener\ResponseListener::onKernelResponse". [] []
[2016-05-17 19:03:46] event.DEBUG: Notified event "kernel.response" to listener "Symfony\Component\Security\Http\RememberMe\ResponseListener::onKernelResponse". [] []
[2016-05-17 19:03:46] event.DEBUG: Notified event "kernel.response" to listener "Sensio\Bundle\FrameworkExtraBundle\EventListener\HttpCacheListener::onKernelResponse". [] []
[2016-05-17 19:03:46] event.DEBUG: Notified event "kernel.response" to listener "Symfony\Component\HttpKernel\EventListener\SaveSessionListener::onKernelResponse". [] []
[2016-05-17 19:03:46] event.DEBUG: Notified event "kernel.response" to listener "Symfony\Component\HttpKernel\EventListener\StreamedResponseListener::onKernelResponse". [] []
[2016-05-17 19:03:46] event.DEBUG: Notified event "kernel.finish_request" to listener "Symfony\Component\HttpKernel\EventListener\LocaleListener::onKernelFinishRequest". [] []
[2016-05-17 19:03:46] event.DEBUG: Notified event "kernel.finish_request" to listener "Symfony\Component\HttpKernel\EventListener\TranslatorListener::onKernelFinishRequest". [] []
[2016-05-17 19:03:46] event.DEBUG: Notified event "kernel.finish_request" to listener "Symfony\Component\HttpKernel\EventListener\RouterListener::onKernelFinishRequest". [] []
[2016-05-17 19:03:46] event.DEBUG: Notified event "kernel.finish_request" to listener "Symfony\Component\Security\Http\Firewall::onKernelFinishRequest". [] []
[2016-05-17 19:03:46] event.DEBUG: Notified event "kernel.terminate" to listener "Symfony\Bundle\SwiftmailerBundle\EventListener\EmailSenderListener::onTerminate". [] []
[2016-05-17 19:04:10] request.ERROR: Uncaught PHP Exception Symfony\Component\HttpKernel\Exception\NotFoundHttpException: "No route found for "GET /includes/css/includes/images/bg-img.png" (from "http://localhost/netbeanspedagofss/web/includes/css/style.css")" at C:\Program Files (x86)\Ampps\www\netbeanspedagofss\app\cache\prod\classes.php line 2601 {"exception":"[object] (Symfony\\Component\\HttpKernel\\Exception\\NotFoundHttpException(code: 0): No route found for \"GET /includes/css/includes/images/bg-img.png\" (from \"http://localhost/netbeanspedagofss/web/includes/css/style.css\") at C:\\Program Files (x86)\\Ampps\\www\\netbeanspedagofss\\app\\cache\\prod\\classes.php:2601, Symfony\\Component\\Routing\\Exception\\ResourceNotFoundException(code: 0):  at C:\\Program Files (x86)\\Ampps\\www\\netbeanspedagofss\\app\\cache\\prod\\appProdUrlMatcher.php:428)"} []
[2016-05-17 19:04:10] event.DEBUG: Notified event "kernel.request" to listener "Symfony\Component\EventDispatcher\Debug\WrappedListener::__invoke". [] []
[2016-05-17 19:04:10] event.DEBUG: Notified event "kernel.request" to listener "Symfony\Component\EventDispatcher\Debug\WrappedListener::__invoke". [] []
[2016-05-17 19:04:10] event.DEBUG: Notified event "kernel.request" to listener "Symfony\Component\EventDispatcher\Debug\WrappedListener::__invoke". [] []
[2016-05-17 19:04:10] event.DEBUG: Notified event "kernel.request" to listener "Symfony\Component\EventDispatcher\Debug\WrappedListener::__invoke". [] []
[2016-05-17 19:04:10] event.DEBUG: Notified event "kernel.request" to listener "Symfony\Component\EventDispatcher\Debug\WrappedListener::__invoke". [] []
[2016-05-17 19:04:10] event.DEBUG: Notified event "kernel.request" to listener "Symfony\Component\EventDispatcher\Debug\WrappedListener::__invoke". [] []
[2016-05-17 19:04:10] event.DEBUG: Notified event "kernel.request" to listener "Symfony\Component\EventDispatcher\Debug\WrappedListener::__invoke". [] []
[2016-05-17 19:04:10] event.DEBUG: Notified event "kernel.controller" to listener "Sensio\Bundle\FrameworkExtraBundle\EventListener\ControllerListener::onKernelController". [] []
[2016-05-17 19:04:10] event.DEBUG: Notified event "kernel.controller" to listener "Sensio\Bundle\FrameworkExtraBundle\EventListener\ParamConverterListener::onKernelController". [] []
[2016-05-17 19:04:10] event.DEBUG: Notified event "kernel.controller" to listener "Sensio\Bundle\FrameworkExtraBundle\EventListener\HttpCacheListener::onKernelController". [] []
[2016-05-17 19:04:10] event.DEBUG: Notified event "kernel.controller" to listener "Sensio\Bundle\FrameworkExtraBundle\EventListener\SecurityListener::onKernelController". [] []
[2016-05-17 19:04:10] event.DEBUG: Notified event "kernel.controller" to listener "Sensio\Bundle\FrameworkExtraBundle\EventListener\TemplateListener::onKernelController". [] []
[2016-05-17 19:04:13] event.DEBUG: Notified event "kernel.response" to listener "Symfony\Component\HttpKernel\EventListener\ResponseListener::onKernelResponse". [] []
[2016-05-17 19:04:13] event.DEBUG: Notified event "kernel.response" to listener "Symfony\Component\Security\Http\RememberMe\ResponseListener::onKernelResponse". [] []
[2016-05-17 19:04:13] event.DEBUG: Notified event "kernel.response" to listener "Sensio\Bundle\FrameworkExtraBundle\EventListener\HttpCacheListener::onKernelResponse". [] []
[2016-05-17 19:04:13] event.DEBUG: Notified event "kernel.response" to listener "Symfony\Component\HttpKernel\EventListener\SaveSessionListener::onKernelResponse". [] []
[2016-05-17 19:04:13] event.DEBUG: Notified event "kernel.response" to listener "Symfony\Component\HttpKernel\EventListener\StreamedResponseListener::onKernelResponse". [] []
[2016-05-17 19:04:13] event.DEBUG: Notified event "kernel.finish_request" to listener "Symfony\Component\HttpKernel\EventListener\LocaleListener::onKernelFinishRequest". [] []
[2016-05-17 19:04:13] event.DEBUG: Notified event "kernel.finish_request" to listener "Symfony\Component\HttpKernel\EventListener\TranslatorListener::onKernelFinishRequest". [] []
[2016-05-17 19:04:13] event.DEBUG: Notified event "kernel.finish_request" to listener "Symfony\Component\HttpKernel\EventListener\RouterListener::onKernelFinishRequest". [] []
[2016-05-17 19:04:13] event.DEBUG: Notified event "kernel.finish_request" to listener "Symfony\Component\Security\Http\Firewall::onKernelFinishRequest". [] []
[2016-05-17 19:04:13] event.DEBUG: Notified event "kernel.exception" to listener "Symfony\Component\HttpKernel\EventListener\ExceptionListener::onKernelException". [] []
[2016-05-17 19:04:13] event.DEBUG: Listener "Symfony\Component\HttpKernel\EventListener\ExceptionListener::onKernelException" stopped propagation of the event "kernel.exception". [] []
[2016-05-17 19:04:13] event.DEBUG: Notified event "kernel.response" to listener "Symfony\Component\HttpKernel\EventListener\ResponseListener::onKernelResponse". [] []
[2016-05-17 19:04:13] event.DEBUG: Notified event "kernel.response" to listener "Symfony\Component\Security\Http\RememberMe\ResponseListener::onKernelResponse". [] []
[2016-05-17 19:04:13] event.DEBUG: Notified event "kernel.response" to listener "Sensio\Bundle\FrameworkExtraBundle\EventListener\HttpCacheListener::onKernelResponse". [] []
[2016-05-17 19:04:13] event.DEBUG: Notified event "kernel.response" to listener "Symfony\Component\HttpKernel\EventListener\SaveSessionListener::onKernelResponse". [] []
[2016-05-17 19:04:13] event.DEBUG: Notified event "kernel.response" to listener "Symfony\Component\HttpKernel\EventListener\StreamedResponseListener::onKernelResponse". [] []
[2016-05-17 19:04:13] event.DEBUG: Notified event "kernel.finish_request" to listener "Symfony\Component\HttpKernel\EventListener\LocaleListener::onKernelFinishRequest". [] []
[2016-05-17 19:04:13] event.DEBUG: Notified event "kernel.finish_request" to listener "Symfony\Component\HttpKernel\EventListener\TranslatorListener::onKernelFinishRequest". [] []
[2016-05-17 19:04:13] event.DEBUG: Notified event "kernel.finish_request" to listener "Symfony\Component\HttpKernel\EventListener\RouterListener::onKernelFinishRequest". [] []
[2016-05-17 19:04:13] event.DEBUG: Notified event "kernel.finish_request" to listener "Symfony\Component\Security\Http\Firewall::onKernelFinishRequest". [] []
[2016-05-17 19:04:13] event.DEBUG: Notified event "kernel.terminate" to listener "Symfony\Bundle\SwiftmailerBundle\EventListener\EmailSenderListener::onTerminate". [] []
[2016-05-17 19:04:30] request.ERROR: Uncaught PHP Exception Symfony\Component\HttpKernel\Exception\NotFoundHttpException: "No route found for "GET /includes/css/includes/images/bg-img.png" (from "http://localhost/netbeanspedagofss/web/includes/css/style.css")" at C:\Program Files (x86)\Ampps\www\netbeanspedagofss\app\cache\prod\classes.php line 2601 {"exception":"[object] (Symfony\\Component\\HttpKernel\\Exception\\NotFoundHttpException(code: 0): No route found for \"GET /includes/css/includes/images/bg-img.png\" (from \"http://localhost/netbeanspedagofss/web/includes/css/style.css\") at C:\\Program Files (x86)\\Ampps\\www\\netbeanspedagofss\\app\\cache\\prod\\classes.php:2601, Symfony\\Component\\Routing\\Exception\\ResourceNotFoundException(code: 0):  at C:\\Program Files (x86)\\Ampps\\www\\netbeanspedagofss\\app\\cache\\prod\\appProdUrlMatcher.php:428)"} []
[2016-05-17 19:04:30] event.DEBUG: Notified event "kernel.request" to listener "Symfony\Component\EventDispatcher\Debug\WrappedListener::__invoke". [] []
[2016-05-17 19:04:30] event.DEBUG: Notified event "kernel.request" to listener "Symfony\Component\EventDispatcher\Debug\WrappedListener::__invoke". [] []
[2016-05-17 19:04:30] event.DEBUG: Notified event "kernel.request" to listener "Symfony\Component\EventDispatcher\Debug\WrappedListener::__invoke". [] []
[2016-05-17 19:04:30] event.DEBUG: Notified event "kernel.request" to listener "Symfony\Component\EventDispatcher\Debug\WrappedListener::__invoke". [] []
[2016-05-17 19:04:30] event.DEBUG: Notified event "kernel.request" to listener "Symfony\Component\EventDispatcher\Debug\WrappedListener::__invoke". [] []
[2016-05-17 19:04:30] event.DEBUG: Notified event "kernel.request" to listener "Symfony\Component\EventDispatcher\Debug\WrappedListener::__invoke". [] []
[2016-05-17 19:04:30] event.DEBUG: Notified event "kernel.request" to listener "Symfony\Component\EventDispatcher\Debug\WrappedListener::__invoke". [] []
[2016-05-17 19:04:31] event.DEBUG: Notified event "kernel.controller" to listener "Sensio\Bundle\FrameworkExtraBundle\EventListener\ControllerListener::onKernelController". [] []
[2016-05-17 19:04:31] event.DEBUG: Notified event "kernel.controller" to listener "Sensio\Bundle\FrameworkExtraBundle\EventListener\ParamConverterListener::onKernelController". [] []
[2016-05-17 19:04:31] event.DEBUG: Notified event "kernel.controller" to listener "Sensio\Bundle\FrameworkExtraBundle\EventListener\HttpCacheListener::onKernelController". [] []
[2016-05-17 19:04:31] event.DEBUG: Notified event "kernel.controller" to listener "Sensio\Bundle\FrameworkExtraBundle\EventListener\SecurityListener::onKernelController". [] []
[2016-05-17 19:04:31] event.DEBUG: Notified event "kernel.controller" to listener "Sensio\Bundle\FrameworkExtraBundle\EventListener\TemplateListener::onKernelController". [] []
[2016-05-17 19:04:33] event.DEBUG: Notified event "kernel.response" to listener "Symfony\Component\HttpKernel\EventListener\ResponseListener::onKernelResponse". [] []
[2016-05-17 19:04:33] event.DEBUG: Notified event "kernel.response" to listener "Symfony\Component\Security\Http\RememberMe\ResponseListener::onKernelResponse". [] []
[2016-05-17 19:04:33] event.DEBUG: Notified event "kernel.response" to listener "Sensio\Bundle\FrameworkExtraBundle\EventListener\HttpCacheListener::onKernelResponse". [] []
[2016-05-17 19:04:33] event.DEBUG: Notified event "kernel.response" to listener "Symfony\Component\HttpKernel\EventListener\SaveSessionListener::onKernelResponse". [] []
[2016-05-17 19:04:33] event.DEBUG: Notified event "kernel.response" to listener "Symfony\Component\HttpKernel\EventListener\StreamedResponseListener::onKernelResponse". [] []
[2016-05-17 19:04:33] event.DEBUG: Notified event "kernel.finish_request" to listener "Symfony\Component\HttpKernel\EventListener\LocaleListener::onKernelFinishRequest". [] []
[2016-05-17 19:04:33] event.DEBUG: Notified event "kernel.finish_request" to listener "Symfony\Component\HttpKernel\EventListener\TranslatorListener::onKernelFinishRequest". [] []
[2016-05-17 19:04:33] event.DEBUG: Notified event "kernel.finish_request" to listener "Symfony\Component\HttpKernel\EventListener\RouterListener::onKernelFinishRequest". [] []
[2016-05-17 19:04:33] event.DEBUG: Notified event "kernel.finish_request" to listener "Symfony\Component\Security\Http\Firewall::onKernelFinishRequest". [] []
[2016-05-17 19:04:33] event.DEBUG: Notified event "kernel.exception" to listener "Symfony\Component\HttpKernel\EventListener\ExceptionListener::onKernelException". [] []
[2016-05-17 19:04:33] event.DEBUG: Listener "Symfony\Component\HttpKernel\EventListener\ExceptionListener::onKernelException" stopped propagation of the event "kernel.exception". [] []
[2016-05-17 19:04:33] event.DEBUG: Notified event "kernel.response" to listener "Symfony\Component\HttpKernel\EventListener\ResponseListener::onKernelResponse". [] []
[2016-05-17 19:04:33] event.DEBUG: Notified event "kernel.response" to listener "Symfony\Component\Security\Http\RememberMe\ResponseListener::onKernelResponse". [] []
[2016-05-17 19:04:33] event.DEBUG: Notified event "kernel.response" to listener "Sensio\Bundle\FrameworkExtraBundle\EventListener\HttpCacheListener::onKernelResponse". [] []
[2016-05-17 19:04:33] event.DEBUG: Notified event "kernel.response" to listener "Symfony\Component\HttpKernel\EventListener\SaveSessionListener::onKernelResponse". [] []
[2016-05-17 19:04:33] event.DEBUG: Notified event "kernel.response" to listener "Symfony\Component\HttpKernel\EventListener\StreamedResponseListener::onKernelResponse". [] []
[2016-05-17 19:04:33] event.DEBUG: Notified event "kernel.finish_request" to listener "Symfony\Component\HttpKernel\EventListener\LocaleListener::onKernelFinishRequest". [] []
[2016-05-17 19:04:33] event.DEBUG: Notified event "kernel.finish_request" to listener "Symfony\Component\HttpKernel\EventListener\TranslatorListener::onKernelFinishRequest". [] []
[2016-05-17 19:04:33] event.DEBUG: Notified event "kernel.finish_request" to listener "Symfony\Component\HttpKernel\EventListener\RouterListener::onKernelFinishRequest". [] []
[2016-05-17 19:04:33] event.DEBUG: Notified event "kernel.finish_request" to listener "Symfony\Component\Security\Http\Firewall::onKernelFinishRequest". [] []
[2016-05-17 19:04:33] event.DEBUG: Notified event "kernel.terminate" to listener "Symfony\Bundle\SwiftmailerBundle\EventListener\EmailSenderListener::onTerminate". [] []
[2016-05-17 19:04:42] request.ERROR: Uncaught PHP Exception Symfony\Component\HttpKernel\Exception\NotFoundHttpException: "No route found for "GET /includes/css/includes/images/bg-img.png" (from "http://localhost/netbeanspedagofss/web/includes/css/style.css")" at C:\Program Files (x86)\Ampps\www\netbeanspedagofss\app\cache\prod\classes.php line 2601 {"exception":"[object] (Symfony\\Component\\HttpKernel\\Exception\\NotFoundHttpException(code: 0): No route found for \"GET /includes/css/includes/images/bg-img.png\" (from \"http://localhost/netbeanspedagofss/web/includes/css/style.css\") at C:\\Program Files (x86)\\Ampps\\www\\netbeanspedagofss\\app\\cache\\prod\\classes.php:2601, Symfony\\Component\\Routing\\Exception\\ResourceNotFoundException(code: 0):  at C:\\Program Files (x86)\\Ampps\\www\\netbeanspedagofss\\app\\cache\\prod\\appProdUrlMatcher.php:428)"} []
[2016-05-17 19:04:42] event.DEBUG: Notified event "kernel.request" to listener "Symfony\Component\EventDispatcher\Debug\WrappedListener::__invoke". [] []
[2016-05-17 19:04:42] event.DEBUG: Notified event "kernel.request" to listener "Symfony\Component\EventDispatcher\Debug\WrappedListener::__invoke". [] []
[2016-05-17 19:04:42] event.DEBUG: Notified event "kernel.request" to listener "Symfony\Component\EventDispatcher\Debug\WrappedListener::__invoke". [] []
[2016-05-17 19:04:42] event.DEBUG: Notified event "kernel.request" to listener "Symfony\Component\EventDispatcher\Debug\WrappedListener::__invoke". [] []
[2016-05-17 19:04:42] event.DEBUG: Notified event "kernel.request" to listener "Symfony\Component\EventDispatcher\Debug\WrappedListener::__invoke". [] []
[2016-05-17 19:04:42] event.DEBUG: Notified event "kernel.request" to listener "Symfony\Component\EventDispatcher\Debug\WrappedListener::__invoke". [] []
[2016-05-17 19:04:42] event.DEBUG: Notified event "kernel.request" to listener "Symfony\Component\EventDispatcher\Debug\WrappedListener::__invoke". [] []
[2016-05-17 19:04:42] event.DEBUG: Notified event "kernel.controller" to listener "Sensio\Bundle\FrameworkExtraBundle\EventListener\ControllerListener::onKernelController". [] []
[2016-05-17 19:04:42] event.DEBUG: Notified event "kernel.controller" to listener "Sensio\Bundle\FrameworkExtraBundle\EventListener\ParamConverterListener::onKernelController". [] []
[2016-05-17 19:04:42] event.DEBUG: Notified event "kernel.controller" to listener "Sensio\Bundle\FrameworkExtraBundle\EventListener\HttpCacheListener::onKernelController". [] []
[2016-05-17 19:04:42] event.DEBUG: Notified event "kernel.controller" to listener "Sensio\Bundle\FrameworkExtraBundle\EventListener\SecurityListener::onKernelController". [] []
[2016-05-17 19:04:42] event.DEBUG: Notified event "kernel.controller" to listener "Sensio\Bundle\FrameworkExtraBundle\EventListener\TemplateListener::onKernelController". [] []
[2016-05-17 19:04:44] event.DEBUG: Notified event "kernel.response" to listener "Symfony\Component\HttpKernel\EventListener\ResponseListener::onKernelResponse". [] []
[2016-05-17 19:04:44] event.DEBUG: Notified event "kernel.response" to listener "Symfony\Component\Security\Http\RememberMe\ResponseListener::onKernelResponse". [] []
[2016-05-17 19:04:44] event.DEBUG: Notified event "kernel.response" to listener "Sensio\Bundle\FrameworkExtraBundle\EventListener\HttpCacheListener::onKernelResponse". [] []
[2016-05-17 19:04:44] event.DEBUG: Notified event "kernel.response" to listener "Symfony\Component\HttpKernel\EventListener\SaveSessionListener::onKernelResponse". [] []
[2016-05-17 19:04:44] event.DEBUG: Notified event "kernel.response" to listener "Symfony\Component\HttpKernel\EventListener\StreamedResponseListener::onKernelResponse". [] []
[2016-05-17 19:04:44] event.DEBUG: Notified event "kernel.finish_request" to listener "Symfony\Component\HttpKernel\EventListener\LocaleListener::onKernelFinishRequest". [] []
[2016-05-17 19:04:44] event.DEBUG: Notified event "kernel.finish_request" to listener "Symfony\Component\HttpKernel\EventListener\TranslatorListener::onKernelFinishRequest". [] []
[2016-05-17 19:04:44] event.DEBUG: Notified event "kernel.finish_request" to listener "Symfony\Component\HttpKernel\EventListener\RouterListener::onKernelFinishRequest". [] []
[2016-05-17 19:04:44] event.DEBUG: Notified event "kernel.finish_request" to listener "Symfony\Component\Security\Http\Firewall::onKernelFinishRequest". [] []
[2016-05-17 19:04:44] event.DEBUG: Notified event "kernel.exception" to listener "Symfony\Component\HttpKernel\EventListener\ExceptionListener::onKernelException". [] []
[2016-05-17 19:04:44] event.DEBUG: Listener "Symfony\Component\HttpKernel\EventListener\ExceptionListener::onKernelException" stopped propagation of the event "kernel.exception". [] []
[2016-05-17 19:04:44] event.DEBUG: Notified event "kernel.response" to listener "Symfony\Component\HttpKernel\EventListener\ResponseListener::onKernelResponse". [] []
[2016-05-17 19:04:44] event.DEBUG: Notified event "kernel.response" to listener "Symfony\Component\Security\Http\RememberMe\ResponseListener::onKernelResponse". [] []
[2016-05-17 19:04:44] event.DEBUG: Notified event "kernel.response" to listener "Sensio\Bundle\FrameworkExtraBundle\EventListener\HttpCacheListener::onKernelResponse". [] []
[2016-05-17 19:04:44] event.DEBUG: Notified event "kernel.response" to listener "Symfony\Component\HttpKernel\EventListener\SaveSessionListener::onKernelResponse". [] []
[2016-05-17 19:04:44] event.DEBUG: Notified event "kernel.response" to listener "Symfony\Component\HttpKernel\EventListener\StreamedResponseListener::onKernelResponse". [] []
[2016-05-17 19:04:44] event.DEBUG: Notified event "kernel.finish_request" to listener "Symfony\Component\HttpKernel\EventListener\LocaleListener::onKernelFinishRequest". [] []
[2016-05-17 19:04:44] event.DEBUG: Notified event "kernel.finish_request" to listener "Symfony\Component\HttpKernel\EventListener\TranslatorListener::onKernelFinishRequest". [] []
[2016-05-17 19:04:44] event.DEBUG: Notified event "kernel.finish_request" to listener "Symfony\Component\HttpKernel\EventListener\RouterListener::onKernelFinishRequest". [] []
[2016-05-17 19:04:44] event.DEBUG: Notified event "kernel.finish_request" to listener "Symfony\Component\Security\Http\Firewall::onKernelFinishRequest". [] []
[2016-05-17 19:04:44] event.DEBUG: Notified event "kernel.terminate" to listener "Symfony\Bundle\SwiftmailerBundle\EventListener\EmailSenderListener::onTerminate". [] []
[2016-05-17 19:04:49] request.ERROR: Uncaught PHP Exception Symfony\Component\HttpKernel\Exception\NotFoundHttpException: "No route found for "GET /includes/css/includes/images/bg-img.png" (from "http://localhost/netbeanspedagofss/web/includes/css/style.css")" at C:\Program Files (x86)\Ampps\www\netbeanspedagofss\app\cache\prod\classes.php line 2601 {"exception":"[object] (Symfony\\Component\\HttpKernel\\Exception\\NotFoundHttpException(code: 0): No route found for \"GET /includes/css/includes/images/bg-img.png\" (from \"http://localhost/netbeanspedagofss/web/includes/css/style.css\") at C:\\Program Files (x86)\\Ampps\\www\\netbeanspedagofss\\app\\cache\\prod\\classes.php:2601, Symfony\\Component\\Routing\\Exception\\ResourceNotFoundException(code: 0):  at C:\\Program Files (x86)\\Ampps\\www\\netbeanspedagofss\\app\\cache\\prod\\appProdUrlMatcher.php:428)"} []
[2016-05-17 19:04:49] event.DEBUG: Notified event "kernel.request" to listener "Symfony\Component\EventDispatcher\Debug\WrappedListener::__invoke". [] []
[2016-05-17 19:04:49] event.DEBUG: Notified event "kernel.request" to listener "Symfony\Component\EventDispatcher\Debug\WrappedListener::__invoke". [] []
[2016-05-17 19:04:49] event.DEBUG: Notified event "kernel.request" to listener "Symfony\Component\EventDispatcher\Debug\WrappedListener::__invoke". [] []
[2016-05-17 19:04:49] event.DEBUG: Notified event "kernel.request" to listener "Symfony\Component\EventDispatcher\Debug\WrappedListener::__invoke". [] []
[2016-05-17 19:04:49] event.DEBUG: Notified event "kernel.request" to listener "Symfony\Component\EventDispatcher\Debug\WrappedListener::__invoke". [] []
[2016-05-17 19:04:49] event.DEBUG: Notified event "kernel.request" to listener "Symfony\Component\EventDispatcher\Debug\WrappedListener::__invoke". [] []
[2016-05-17 19:04:49] event.DEBUG: Notified event "kernel.request" to listener "Symfony\Component\EventDispatcher\Debug\WrappedListener::__invoke". [] []
[2016-05-17 19:04:49] event.DEBUG: Notified event "kernel.controller" to listener "Sensio\Bundle\FrameworkExtraBundle\EventListener\ControllerListener::onKernelController". [] []
[2016-05-17 19:04:49] event.DEBUG: Notified event "kernel.controller" to listener "Sensio\Bundle\FrameworkExtraBundle\EventListener\ParamConverterListener::onKernelController". [] []
[2016-05-17 19:04:49] event.DEBUG: Notified event "kernel.controller" to listener "Sensio\Bundle\FrameworkExtraBundle\EventListener\HttpCacheListener::onKernelController". [] []
[2016-05-17 19:04:49] event.DEBUG: Notified event "kernel.controller" to listener "Sensio\Bundle\FrameworkExtraBundle\EventListener\SecurityListener::onKernelController". [] []
[2016-05-17 19:04:49] event.DEBUG: Notified event "kernel.controller" to listener "Sensio\Bundle\FrameworkExtraBundle\EventListener\TemplateListener::onKernelController". [] []
[2016-05-17 19:04:51] event.DEBUG: Notified event "kernel.response" to listener "Symfony\Component\HttpKernel\EventListener\ResponseListener::onKernelResponse". [] []
[2016-05-17 19:04:51] event.DEBUG: Notified event "kernel.response" to listener "Symfony\Component\Security\Http\RememberMe\ResponseListener::onKernelResponse". [] []
[2016-05-17 19:04:51] event.DEBUG: Notified event "kernel.response" to listener "Sensio\Bundle\FrameworkExtraBundle\EventListener\HttpCacheListener::onKernelResponse". [] []
[2016-05-17 19:04:51] event.DEBUG: Notified event "kernel.response" to listener "Symfony\Component\HttpKernel\EventListener\SaveSessionListener::onKernelResponse". [] []
[2016-05-17 19:04:51] event.DEBUG: Notified event "kernel.response" to listener "Symfony\Component\HttpKernel\EventListener\StreamedResponseListener::onKernelResponse". [] []
[2016-05-17 19:04:51] event.DEBUG: Notified event "kernel.finish_request" to listener "Symfony\Component\HttpKernel\EventListener\LocaleListener::onKernelFinishRequest". [] []
[2016-05-17 19:04:51] event.DEBUG: Notified event "kernel.finish_request" to listener "Symfony\Component\HttpKernel\EventListener\TranslatorListener::onKernelFinishRequest". [] []
[2016-05-17 19:04:51] event.DEBUG: Notified event "kernel.finish_request" to listener "Symfony\Component\HttpKernel\EventListener\RouterListener::onKernelFinishRequest". [] []
[2016-05-17 19:04:51] event.DEBUG: Notified event "kernel.finish_request" to listener "Symfony\Component\Security\Http\Firewall::onKernelFinishRequest". [] []
[2016-05-17 19:04:51] event.DEBUG: Notified event "kernel.exception" to listener "Symfony\Component\HttpKernel\EventListener\ExceptionListener::onKernelException". [] []
[2016-05-17 19:04:51] event.DEBUG: Listener "Symfony\Component\HttpKernel\EventListener\ExceptionListener::onKernelException" stopped propagation of the event "kernel.exception". [] []
[2016-05-17 19:04:51] event.DEBUG: Notified event "kernel.response" to listener "Symfony\Component\HttpKernel\EventListener\ResponseListener::onKernelResponse". [] []
[2016-05-17 19:04:51] event.DEBUG: Notified event "kernel.response" to listener "Symfony\Component\Security\Http\RememberMe\ResponseListener::onKernelResponse". [] []
[2016-05-17 19:04:51] event.DEBUG: Notified event "kernel.response" to listener "Sensio\Bundle\FrameworkExtraBundle\EventListener\HttpCacheListener::onKernelResponse". [] []
[2016-05-17 19:04:51] event.DEBUG: Notified event "kernel.response" to listener "Symfony\Component\HttpKernel\EventListener\SaveSessionListener::onKernelResponse". [] []
[2016-05-17 19:04:51] event.DEBUG: Notified event "kernel.response" to listener "Symfony\Component\HttpKernel\EventListener\StreamedResponseListener::onKernelResponse". [] []
[2016-05-17 19:04:51] event.DEBUG: Notified event "kernel.finish_request" to listener "Symfony\Component\HttpKernel\EventListener\LocaleListener::onKernelFinishRequest". [] []
[2016-05-17 19:04:51] event.DEBUG: Notified event "kernel.finish_request" to listener "Symfony\Component\HttpKernel\EventListener\TranslatorListener::onKernelFinishRequest". [] []
[2016-05-17 19:04:51] event.DEBUG: Notified event "kernel.finish_request" to listener "Symfony\Component\HttpKernel\EventListener\RouterListener::onKernelFinishRequest". [] []
[2016-05-17 19:04:51] event.DEBUG: Notified event "kernel.finish_request" to listener "Symfony\Component\Security\Http\Firewall::onKernelFinishRequest". [] []
[2016-05-17 19:04:51] event.DEBUG: Notified event "kernel.terminate" to listener "Symfony\Bundle\SwiftmailerBundle\EventListener\EmailSenderListener::onTerminate". [] []
